<?xml version="1.0" encoding="UTF-8"?>
<!-- Generated by org.testng.reporters.JUnitReportReporter -->
<testsuite hostname="DESKTOP-DA6GEAH" failures="0" tests="1" name="tests.TestsOnLocalAPI" time="4.533" errors="0" timestamp="2023-06-30T11:20:49 EDT" skipped="0">
  <testcase classname="tests.TestsOnLocalAPI" name="get" time="4.533"/>
  <system-out/>
</testsuite> <!-- tests.TestsOnLocalAPI -->
