<?xml version="1.0" encoding="UTF-8"?>
<!-- Generated by org.testng.reporters.JUnitReportReporter -->
<testsuite hostname="DESKTOP-DA6GEAH" failures="0" tests="2" name="tests.GetandPost" time="4.991" errors="0" timestamp="2023-06-30T11:20:04 EDT" skipped="0">
  <testcase classname="tests.GetandPost" name="testPost" time="0.420"/>
  <system-out/>
  <testcase classname="tests.GetandPost" name="testGet" time="4.571"/>
  <system-out/>
</testsuite> <!-- tests.GetandPost -->
