<?xml version="1.0" encoding="UTF-8"?>
<!-- Generated by org.testng.reporters.JUnitReportReporter -->
<testsuite hostname="DESKTOP-DA6GEAH" failures="0" tests="1" name="tests.JsonSchemaValidator" time="3.804" errors="0" timestamp="2023-06-30T13:58:33 EDT" skipped="0">
  <testcase classname="tests.JsonSchemaValidator" name="testGet" time="3.804"/>
  <system-out/>
</testsuite> <!-- tests.JsonSchemaValidator -->
