<?xml version="1.0" encoding="UTF-8"?>
<!-- Generated by org.testng.reporters.JUnitReportReporter -->
<testsuite hostname="DESKTOP-DA6GEAH" failures="0" tests="1" name="tests.SoapXMLRequest" time="3.393" errors="0" timestamp="2023-06-30T14:10:11 EDT" skipped="0">
  <testcase classname="tests.SoapXMLRequest" name="validateSoapXML" time="3.393"/>
  <system-out/>
</testsuite> <!-- tests.SoapXMLRequest -->
