<?xml version="1.0" encoding="UTF-8"?>
<!-- Generated by org.testng.reporters.JUnitReportReporter -->
<testsuite hostname="DESKTOP-DA6GEAH" failures="0" tests="1" name="tests.TestExamples" time="2.806" errors="0" timestamp="2023-06-29T23:05:17 EDT" skipped="0">
  <testcase classname="tests.TestExamples" name="test_1" time="2.806"/>
  <system-out/>
</testsuite> <!-- tests.TestExamples -->
