<?xml version="1.0" encoding="UTF-8"?>
<!-- Generated by org.testng.reporters.JUnitReportReporter -->
<testsuite hostname="DESKTOP-DA6GEAH" failures="0" tests="3" name="tests.PutPatchDelete" time="3.812" errors="0" timestamp="2023-06-30T00:27:16 EDT" skipped="0">
  <testcase classname="tests.PutPatchDelete" name="testPatch" time="3.017"/>
  <system-out/>
  <testcase classname="tests.PutPatchDelete" name="testPut" time="0.357"/>
  <system-out/>
  <testcase classname="tests.PutPatchDelete" name="testdelete" time="0.438"/>
  <system-out/>
</testsuite> <!-- tests.PutPatchDelete -->
